Using pre-set license
Built from '2020.3/staging' branch; Version is '2020.3.21f1 (a38c86f6690f) revision 10718342'; Using compiler version '192528614'; Build Type 'Release'
OS: 'Windows 10 Home; OS build 19045.2130; Version 2009; 64bit' Language: 'ko' Physical Memory: 16178 MB
BatchMode: 1, IsHumanControllingUs: 0, StartBugReporterOnCrash: 0, Is64bit: 1, IsPro: 0

COMMAND LINE ARGUMENTS:
C:\Program Files\Unity\Hub\Editor\2020.3.21f1\Editor\Unity.exe
-adb2
-batchMode
-noUpm
-name
AssetImportWorker0
-projectPath
G:/SpaceJack
-logFile
Logs/AssetImportWorker0.log
-srvPort
2517
Successfully changed project path to: G:/SpaceJack
G:/SpaceJack
Using Asset Import Pipeline V2.
Refreshing native plugins compatible for Editor in 117.85 ms, found 4 plugins.
Preloading 0 native plugins for Editor in 0.00 ms.
Initialize engine version: 2020.3.21f1 (a38c86f6690f)
[Subsystems] Discovering subsystems at path C:/Program Files/Unity/Hub/Editor/2020.3.21f1/Editor/Data/Resources/UnitySubsystems
[Subsystems] Discovering subsystems at path G:/SpaceJack/Assets
GfxDevice: creating device client; threaded=0
Direct3D:
    Version:  Direct3D 11.0 [level 11.1]
    Renderer: Intel(R) UHD Graphics 620 (ID=0x3ea0)
    Vendor:   
    VRAM:     8089 MB
    Driver:   25.20.100.6519
Initialize mono
Mono path[0] = 'C:/Program Files/Unity/Hub/Editor/2020.3.21f1/Editor/Data/Managed'
Mono path[1] = 'C:/Program Files/Unity/Hub/Editor/2020.3.21f1/Editor/Data/MonoBleedingEdge/lib/mono/unityjit'
Mono config path = 'C:/Program Files/Unity/Hub/Editor/2020.3.21f1/Editor/Data/MonoBleedingEdge/etc'
Using monoOptions --debugger-agent=transport=dt_socket,embedding=1,server=y,suspend=n,address=127.0.0.1:56624
Begin MonoManager ReloadAssembly
Registering precompiled unity dll's ...
Register platform support module: C:/Program Files/Unity/Hub/Editor/2020.3.21f1/Editor/Data/PlaybackEngines/WindowsStandaloneSupport/UnityEditor.WindowsStandalone.Extensions.dll
Registered in 0.010057 seconds.
Native extension for WindowsStandalone target not found
Refreshing native plugins compatible for Editor in 143.77 ms, found 4 plugins.
Preloading 0 native plugins for Editor in 0.00 ms.
Mono: successfully reloaded assembly
- Completed reload, in  4.623 seconds
Domain Reload Profiling:
	ReloadAssembly (4624ms)
		BeginReloadAssembly (306ms)
			ExecutionOrderSort (0ms)
			DisableScriptedObjects (0ms)
			BackupInstance (0ms)
			ReleaseScriptingObjects (0ms)
			CreateAndSetChildDomain (3ms)
		EndReloadAssembly (1460ms)
			LoadAssemblies (290ms)
			RebuildTransferFunctionScriptingTraits (0ms)
			SetupTypeCache (622ms)
			ReleaseScriptCaches (0ms)
			RebuildScriptCaches (77ms)
			SetupLoadedEditorAssemblies (482ms)
				LogAssemblyErrors (0ms)
				InitializePlatformSupportModulesInManaged (10ms)
				SetLoadedEditorAssemblies (1ms)
				RefreshPlugins (144ms)
				BeforeProcessingInitializeOnLoad (28ms)
				ProcessInitializeOnLoadAttributes (221ms)
				ProcessInitializeOnLoadMethodAttributes (77ms)
				AfterProcessingInitializeOnLoad (0ms)
				EditorAssembliesLoaded (1ms)
			ExecutionOrderSort2 (0ms)
			AwakeInstancesAfterBackupRestoration (0ms)
Platform modules already initialized, skipping
Registering precompiled user dll's ...
Registered in 0.047953 seconds.
Begin MonoManager ReloadAssembly
Native extension for WindowsStandalone target not found
Refreshing native plugins compatible for Editor in 1.10 ms, found 4 plugins.
Preloading 0 native plugins for Editor in 0.00 ms.
Mono: successfully reloaded assembly
- Completed reload, in  4.068 seconds
Domain Reload Profiling:
	ReloadAssembly (4072ms)
		BeginReloadAssembly (603ms)
			ExecutionOrderSort (0ms)
			DisableScriptedObjects (12ms)
			BackupInstance (0ms)
			ReleaseScriptingObjects (0ms)
			CreateAndSetChildDomain (55ms)
		EndReloadAssembly (3290ms)
			LoadAssemblies (493ms)
			RebuildTransferFunctionScriptingTraits (0ms)
			SetupTypeCache (1208ms)
			ReleaseScriptCaches (3ms)
			RebuildScriptCaches (114ms)
			SetupLoadedEditorAssemblies (1372ms)
				LogAssemblyErrors (0ms)
				InitializePlatformSupportModulesInManaged (8ms)
				SetLoadedEditorAssemblies (1ms)
				RefreshPlugins (1ms)
				BeforeProcessingInitializeOnLoad (206ms)
				ProcessInitializeOnLoadAttributes (966ms)
				ProcessInitializeOnLoadMethodAttributes (106ms)
				AfterProcessingInitializeOnLoad (83ms)
				EditorAssembliesLoaded (1ms)
			ExecutionOrderSort2 (0ms)
			AwakeInstancesAfterBackupRestoration (41ms)
Platform modules already initialized, skipping
========================================================================
Worker process is ready to serve import requests
Launched and connected shader compiler UnityShaderCompiler.exe after 0.13 seconds
Refreshing native plugins compatible for Editor in 2.50 ms, found 4 plugins.
Preloading 0 native plugins for Editor in 0.00 ms.
Unloading 2767 Unused Serialized files (Serialized files now loaded: 0)
System memory in use before: 105.1 MB.
System memory in use after: 105.3 MB.

Unloading 77 unused Assets to reduce memory usage. Loaded Objects now: 3221.
Total: 15.302400 ms (FindLiveObjects: 0.668300 ms CreateObjectMapping: 0.405600 ms MarkObjects: 14.005100 ms  DeleteObjects: 0.219900 ms)

AssetImportParameters requested are different than current active one (requested -> active):
  custom:framework-win-MediaFoundation: 216162199b28c13a410421893ffa2e32 -> 
  custom:video-decoder-ogg-theora: a1e56fd34408186e4bbccfd4996cb3dc -> 
  custom:container-muxer-webm: aa71ff27fc2769a1b78a27578f13a17b -> 
  custom:container-demuxer-webm: 4f35f7cbe854078d1ac9338744f61a02 -> 
  custom:container-demuxer-ogg: 62fdf1f143b41e24485cea50d1cbac27 -> 
  custom:video-encoder-webm-vp8: eb34c28f22e8b96e1ab97ce403110664 -> 
  custom:video-decoder-webm-vp8: 9c59270c3fd7afecdb556c50c9e8de78 -> 
  custom:audio-decoder-ogg-vorbis: bf7c407c2cedff20999df2af8eb42d56 -> 
  custom:audio-encoder-webm-vorbis: bf7c407c2cedff20999df2af8eb42d56 -> 
========================================================================
Received Import Request.
  path: Assets/Behavior Designer
  artifactKey: Guid(7b303277dfa449d4a93437535228816d) Importer(815301076,1909f56bfc062723c751e8b465ee728b)
Start importing Assets/Behavior Designer using Guid(7b303277dfa449d4a93437535228816d) Importer(815301076,1909f56bfc062723c751e8b465ee728b)  -> (artifact id: '70c9340096d512fecf8d17ed29abde95') in 0.019211 seconds 
  Import took 0.028711 seconds .

========================================================================
Received Import Request.
  Time since last request: 0.000490 seconds.
  path: Assets/Behavior Designer Movement
  artifactKey: Guid(c9d4a1d9f8330dd429245c3a3b1d2bb6) Importer(815301076,1909f56bfc062723c751e8b465ee728b)
Start importing Assets/Behavior Designer Movement using Guid(c9d4a1d9f8330dd429245c3a3b1d2bb6) Importer(815301076,1909f56bfc062723c751e8b465ee728b)  -> (artifact id: '12f7156ba4b6c41105c98447e57d0a3e') in 0.011526 seconds 
  Import took 0.023175 seconds .

========================================================================
Received Import Request.
  Time since last request: 324.696648 seconds.
  path: Assets/Prefabs
  artifactKey: Guid(a584b52e6a3316f4787e8ef89ef1a77d) Importer(815301076,1909f56bfc062723c751e8b465ee728b)
Start importing Assets/Prefabs using Guid(a584b52e6a3316f4787e8ef89ef1a77d) Importer(815301076,1909f56bfc062723c751e8b465ee728b)  -> (artifact id: '67f9da684534e5f1b6afafd76b23b183') in 0.021620 seconds 
  Import took 0.041176 seconds .

========================================================================
Received Import Request.
  Time since last request: 0.011385 seconds.
  path: Assets/Prefabs/bomb.prefab
  artifactKey: Guid(75a5fdc91eb319a459b3ee490ff075a2) Importer(815301076,1909f56bfc062723c751e8b465ee728b)
Start importing Assets/Prefabs/bomb.prefab using Guid(75a5fdc91eb319a459b3ee490ff075a2) Importer(815301076,1909f56bfc062723c751e8b465ee728b)  -> (artifact id: '283ae2eb67b1e3a34b9689366d0245cd') in 0.366766 seconds 
  Import took 0.381792 seconds .

========================================================================
Received Import Request.
  Time since last request: 0.000900 seconds.
  path: Assets/Prefabs/Bullet.prefab
  artifactKey: Guid(12b5eb19ca6aafb4f94a3d3fee21cd3d) Importer(815301076,1909f56bfc062723c751e8b465ee728b)
Start importing Assets/Prefabs/Bullet.prefab using Guid(12b5eb19ca6aafb4f94a3d3fee21cd3d) Importer(815301076,1909f56bfc062723c751e8b465ee728b)  -> (artifact id: '4e45018c9a24af7c13ef13ee6c9193f9') in 0.047027 seconds 
  Import took 0.059432 seconds .

========================================================================
Received Import Request.
  Time since last request: 0.000709 seconds.
  path: Assets/Prefabs/PoliceDrone.prefab
  artifactKey: Guid(4a455dbd3fe59fb4f8370790f2ec292d) Importer(815301076,1909f56bfc062723c751e8b465ee728b)
Start importing Assets/Prefabs/PoliceDrone.prefab using Guid(4a455dbd3fe59fb4f8370790f2ec292d) Importer(815301076,1909f56bfc062723c751e8b465ee728b)  -> (artifact id: 'a28c67fd4a0a521a71f49ac9649558e0') in 0.067299 seconds 
  Import took 0.082116 seconds .

========================================================================
Received Import Request.
  Time since last request: 0.000778 seconds.
  path: Assets/Prefabs/rope.prefab
  artifactKey: Guid(2e5e1045ccc2963469516c2f858a7f90) Importer(815301076,1909f56bfc062723c751e8b465ee728b)
Start importing Assets/Prefabs/rope.prefab using Guid(2e5e1045ccc2963469516c2f858a7f90) Importer(815301076,1909f56bfc062723c751e8b465ee728b)  -> (artifact id: '1848b57b20927778f39e67a01c68f722') in 0.060142 seconds 
  Import took 0.074723 seconds .

========================================================================
Received Import Request.
  Time since last request: 0.000738 seconds.
  path: Assets/Prefabs/바리케이드.prefab
  artifactKey: Guid(011b04cc53a9c054990856ddbae89186) Importer(815301076,1909f56bfc062723c751e8b465ee728b)
Start importing Assets/Prefabs/바리케이드.prefab using Guid(011b04cc53a9c054990856ddbae89186) Importer(815301076,1909f56bfc062723c751e8b465ee728b)  -> (artifact id: '786241fb1eefe6063fa720216338e8b9') in 0.046372 seconds 
  Import took 0.061568 seconds .

========================================================================
Received Import Request.
  Time since last request: 0.000748 seconds.
  path: Assets/Prefabs/로봇드랍카드키.prefab
  artifactKey: Guid(14952e98c1adf6e48a3cfa7bfd018dcd) Importer(815301076,1909f56bfc062723c751e8b465ee728b)
Start importing Assets/Prefabs/로봇드랍카드키.prefab using Guid(14952e98c1adf6e48a3cfa7bfd018dcd) Importer(815301076,1909f56bfc062723c751e8b465ee728b)  -> (artifact id: 'cc8ca48b4dd4330622af61906da16152') in 0.064085 seconds 
  Import took 0.077517 seconds .

========================================================================
Received Import Request.
  Time since last request: 0.000618 seconds.
  path: Assets/Prefabs/enemy bullet.prefab
  artifactKey: Guid(7950e6b9a60f9cd4ab6218b81c7fdf89) Importer(815301076,1909f56bfc062723c751e8b465ee728b)
Start importing Assets/Prefabs/enemy bullet.prefab using Guid(7950e6b9a60f9cd4ab6218b81c7fdf89) Importer(815301076,1909f56bfc062723c751e8b465ee728b)  -> (artifact id: 'a4f00eb4fa54692963a8cb429cd7d2f0') in 0.044851 seconds 
  Import took 0.058683 seconds .

========================================================================
Received Import Request.
  Time since last request: 0.000652 seconds.
  path: Assets/Prefabs/홀로그램장치.prefab
  artifactKey: Guid(481f2b7754566934fa370954593e55a4) Importer(815301076,1909f56bfc062723c751e8b465ee728b)
Start importing Assets/Prefabs/홀로그램장치.prefab using Guid(481f2b7754566934fa370954593e55a4) Importer(815301076,1909f56bfc062723c751e8b465ee728b)  -> (artifact id: '84d5a29b8d9b1b67dc1b235a7a73cda1') in 0.057382 seconds 
  Import took 0.069588 seconds .

========================================================================
Received Import Request.
  Time since last request: 0.000811 seconds.
  path: Assets/Prefabs/PoliceRobot.prefab
  artifactKey: Guid(148cc448be0ea7144b1114d97eda07bb) Importer(815301076,1909f56bfc062723c751e8b465ee728b)
Start importing Assets/Prefabs/PoliceRobot.prefab using Guid(148cc448be0ea7144b1114d97eda07bb) Importer(815301076,1909f56bfc062723c751e8b465ee728b)  -> (artifact id: 'a5a902394b25b871582c5e2a99f0f5d8') in 0.057754 seconds 
  Import took 0.069332 seconds .

========================================================================
Received Import Request.
  Time since last request: 0.000484 seconds.
  path: Assets/Prefabs/Robot.prefab
  artifactKey: Guid(ecdd5e161c23ee84888d74e203606e11) Importer(815301076,1909f56bfc062723c751e8b465ee728b)
Start importing Assets/Prefabs/Robot.prefab using Guid(ecdd5e161c23ee84888d74e203606e11) Importer(815301076,1909f56bfc062723c751e8b465ee728b)  -> (artifact id: '01ac31426fbfd0ef0a97ff618882aca6') in 0.045209 seconds 
  Import took 0.058162 seconds .

========================================================================
Received Import Request.
  Time since last request: 0.000550 seconds.
  path: Assets/Prefabs/다이너마이트.prefab
  artifactKey: Guid(4cc6b89e358824742b5efb3b04ff9924) Importer(815301076,1909f56bfc062723c751e8b465ee728b)
Start importing Assets/Prefabs/다이너마이트.prefab using Guid(4cc6b89e358824742b5efb3b04ff9924) Importer(815301076,1909f56bfc062723c751e8b465ee728b)  -> (artifact id: 'da91600bff2cb521acbae9ab66a40934') in 0.040980 seconds 
  Import took 0.050593 seconds .

========================================================================
Received Import Request.
  Time since last request: 0.000806 seconds.
  path: Assets/Prefabs/메카우.prefab
  artifactKey: Guid(543651a9b28d82b419a3ad3bb631818b) Importer(815301076,1909f56bfc062723c751e8b465ee728b)
Start importing Assets/Prefabs/메카우.prefab using Guid(543651a9b28d82b419a3ad3bb631818b) Importer(815301076,1909f56bfc062723c751e8b465ee728b)  -> (artifact id: 'd95523e00961d58cd550860679cf7adf') in 0.044557 seconds 
  Import took 0.054352 seconds .

========================================================================
Received Import Request.
  Time since last request: 0.000549 seconds.
  path: Assets/Prefabs/Drone.prefab
  artifactKey: Guid(5d9d850341dcd114181a9f3943047561) Importer(815301076,1909f56bfc062723c751e8b465ee728b)
Start importing Assets/Prefabs/Drone.prefab using Guid(5d9d850341dcd114181a9f3943047561) Importer(815301076,1909f56bfc062723c751e8b465ee728b)  -> (artifact id: '496221f16f0f4d69fbdd682938935abe') in 0.045479 seconds 
  Import took 0.058953 seconds .

AssetImportWorkerClient::OnTransportError - code=2 error=End of file
